<?xml version="1.0" encoding="UTF-8"?>
<testsuite name="hello.hellospring.service.MemberServiceTest" tests="4" skipped="0" failures="0" errors="0" timestamp="2022-10-30T02:13:14" hostname="DESKTOP-GKMGQIR" time="0.145">
  <properties/>
  <testcase name="validateDupJoin()" classname="hello.hellospring.service.MemberServiceTest" time="0.137"/>
  <testcase name="memberjoin()" classname="hello.hellospring.service.MemberServiceTest" time="0.001"/>
  <testcase name="findOne()" classname="hello.hellospring.service.MemberServiceTest" time="0.001"/>
  <testcase name="findMembers()" classname="hello.hellospring.service.MemberServiceTest" time="0.002"/>
  <system-out><![CDATA[]]></system-out>
  <system-err><![CDATA[]]></system-err>
</testsuite>
